<?xml version="1.0" encoding="UTF-8"?>
<!-- Generated by org.testng.reporters.JUnitReportReporter -->
<testsuite hostname="trantrang-macOS" failures="0" tests="1" name="com.testCases.TC_VerifyTitle_001" time="0.012" errors="0" timestamp="2022-02-21T15:16:58 PST" skipped="0">
  <testcase classname="com.testCases.TC_VerifyTitle_001" name="GoogleTitleTest" time="0.012"/>
  <system-out/>
</testsuite> <!-- com.testCases.TC_VerifyTitle_001 -->
